{"contracts/DAppNodeNFT.sol":{"l":{"13":433,"17":9,"21":1,"25":1,"29":3,"33":6},"path":"/Users/edu/Dappnode/DAppNode-NFT/contracts/DAppNodeNFT.sol","s":{"1":433,"2":9,"3":1,"4":1,"5":3,"6":6},"b":{},"f":{"1":221,"2":433,"3":9,"4":1,"5":1,"6":3,"7":6},"fnMap":{"1":{"name":null,"line":10,"loc":{"start":{"line":10,"column":4},"end":{"line":10,"column":51}}},"2":{"name":"mint","line":12,"loc":{"start":{"line":12,"column":4},"end":{"line":12,"column":51}}},"3":{"name":"burn","line":16,"loc":{"start":{"line":16,"column":4},"end":{"line":16,"column":39}}},"4":{"name":"exists","line":20,"loc":{"start":{"line":20,"column":4},"end":{"line":20,"column":61}}},"5":{"name":"tokensOfOwner","line":24,"loc":{"start":{"line":24,"column":4},"end":{"line":24,"column":78}}},"6":{"name":"setTokenURI","line":28,"loc":{"start":{"line":28,"column":4},"end":{"line":28,"column":58}}},"7":{"name":"removeTokenFrom","line":32,"loc":{"start":{"line":32,"column":4},"end":{"line":32,"column":64}}}},"statementMap":{"1":{"start":{"line":13,"column":8},"end":{"line":13,"column":25}},"2":{"start":{"line":17,"column":8},"end":{"line":17,"column":40}},"3":{"start":{"line":21,"column":8},"end":{"line":21,"column":31}},"4":{"start":{"line":25,"column":8},"end":{"line":25,"column":36}},"5":{"start":{"line":29,"column":8},"end":{"line":29,"column":33}},"6":{"start":{"line":33,"column":8},"end":{"line":33,"column":38}}},"branchMap":{}},"contracts/ERC165.sol":{"l":{"25":225,"32":10,"39":889,"40":888},"path":"/Users/edu/Dappnode/DAppNode-NFT/contracts/ERC165.sol","s":{"1":225,"2":10,"3":889,"4":888},"b":{"1":[888,1]},"f":{"1":225,"2":10,"3":889},"fnMap":{"1":{"name":null,"line":24,"loc":{"start":{"line":24,"column":4},"end":{"line":24,"column":25}}},"2":{"name":"supportsInterface","line":31,"loc":{"start":{"line":31,"column":4},"end":{"line":31,"column":77}}},"3":{"name":"_registerInterface","line":38,"loc":{"start":{"line":38,"column":4},"end":{"line":38,"column":58}}}},"statementMap":{"1":{"start":{"line":25,"column":8},"end":{"line":25,"column":46}},"2":{"start":{"line":32,"column":8},"end":{"line":32,"column":48}},"3":{"start":{"line":39,"column":8},"end":{"line":39,"column":41}},"4":{"start":{"line":40,"column":8},"end":{"line":40,"column":47}}},"branchMap":{"1":{"line":39,"type":"if","locations":[{"start":{"line":39,"column":8},"end":{"line":39,"column":8}},{"start":{"line":39,"column":8},"end":{"line":39,"column":8}}]}}},"contracts/ERC721.sol":{"l":{"108":221,"109":221,"112":221,"113":221,"114":221,"122":1,"130":1,"139":3,"140":2,"149":31,"158":29,"170":203,"171":202,"172":201,"174":199,"175":199,"187":29,"204":64,"220":61,"230":33,"240":169,"241":168,"242":168,"252":4,"263":54,"264":53,"272":6,"282":3,"283":2,"292":85,"293":84,"305":154,"306":142,"308":137,"309":132,"310":132,"312":132,"328":125,"330":107,"340":63,"351":154,"355":147,"365":115,"366":113,"376":433,"377":432,"378":431,"388":8,"389":8,"392":8,"393":8,"394":8,"396":8,"397":8,"399":8,"400":8,"401":8,"404":8,"405":1,"408":8,"417":686,"418":686,"419":674,"430":564,"432":563,"434":563,"435":563,"436":563,"437":563,"438":563,"439":563,"449":3,"450":2,"459":122,"460":122,"472":146,"473":144,"474":144,"478":144,"479":144,"480":144,"482":144,"484":144,"490":144,"491":144,"500":1,"513":107,"514":60,"517":47,"518":45,"529":145,"530":140,"531":108},"path":"/Users/edu/Dappnode/DAppNode-NFT/contracts/ERC721.sol","s":{"1":221,"2":221,"3":221,"4":221,"5":221,"6":1,"7":1,"8":3,"9":2,"10":31,"11":29,"12":203,"13":202,"14":201,"15":199,"16":199,"17":29,"18":64,"19":61,"20":33,"21":169,"22":168,"23":168,"24":4,"25":54,"26":53,"27":6,"28":3,"29":2,"30":85,"31":84,"32":154,"33":142,"34":137,"35":132,"36":132,"37":132,"38":125,"39":107,"40":63,"41":154,"42":147,"43":115,"44":113,"45":433,"46":432,"47":431,"48":8,"49":8,"50":8,"51":8,"52":8,"53":8,"54":8,"55":8,"56":8,"57":8,"58":8,"59":686,"60":686,"61":674,"62":564,"63":563,"64":563,"65":563,"66":563,"67":563,"68":3,"69":2,"70":122,"71":122,"72":146,"73":144,"74":144,"75":144,"76":144,"77":144,"78":144,"79":144,"80":144,"81":1,"82":107,"83":60,"84":47,"85":45,"86":145,"87":140,"88":108},"b":{"1":[2,1],"2":[201,1],"3":[199,2],"4":[168,1],"5":[53,1],"6":[2,1],"7":[84,1],"8":[142,12],"9":[137,5],"10":[104,3],"11":[113,2],"12":[432,1],"13":[1,7],"14":[674,12],"15":[563,1],"16":[2,1],"17":[144,2],"18":[60,47],"19":[140,5],"20":[108,32]},"f":{"1":221,"2":1,"3":1,"4":3,"5":31,"6":29,"7":203,"8":29,"9":64,"10":61,"11":33,"12":169,"13":4,"14":54,"15":6,"16":3,"17":85,"18":154,"19":125,"20":63,"21":154,"22":115,"23":433,"24":8,"25":686,"26":564,"27":3,"28":122,"29":146,"30":1,"31":107,"32":145},"fnMap":{"1":{"name":null,"line":106,"loc":{"start":{"line":106,"column":4},"end":{"line":106,"column":49}}},"2":{"name":"name","line":121,"loc":{"start":{"line":121,"column":4},"end":{"line":121,"column":48}}},"3":{"name":"symbol","line":129,"loc":{"start":{"line":129,"column":4},"end":{"line":129,"column":50}}},"4":{"name":"tokenURI","line":138,"loc":{"start":{"line":138,"column":4},"end":{"line":138,"column":67}}},"5":{"name":"balanceOf","line":148,"loc":{"start":{"line":148,"column":4},"end":{"line":148,"column":67}}},"6":{"name":"ownerOf","line":157,"loc":{"start":{"line":157,"column":4},"end":{"line":157,"column":67}}},"7":{"name":"approve","line":169,"loc":{"start":{"line":169,"column":4},"end":{"line":169,"column":64}}},"8":{"name":"transferFrom","line":186,"loc":{"start":{"line":186,"column":4},"end":{"line":186,"column":83}}},"9":{"name":"safeTransferFrom","line":202,"loc":{"start":{"line":202,"column":4},"end":{"line":202,"column":87}}},"10":{"name":"safeTransferFrom","line":219,"loc":{"start":{"line":219,"column":4},"end":{"line":219,"column":100}}},"11":{"name":"getApproved","line":229,"loc":{"start":{"line":229,"column":4},"end":{"line":229,"column":71}}},"12":{"name":"setApprovalForAll","line":239,"loc":{"start":{"line":239,"column":4},"end":{"line":239,"column":64}}},"13":{"name":"isApprovedForAll","line":251,"loc":{"start":{"line":251,"column":4},"end":{"line":251,"column":89}}},"14":{"name":"tokenOfOwnerByIndex","line":262,"loc":{"start":{"line":262,"column":4},"end":{"line":262,"column":90}}},"15":{"name":"totalSupply","line":271,"loc":{"start":{"line":271,"column":4},"end":{"line":271,"column":54}}},"16":{"name":"tokenByIndex","line":281,"loc":{"start":{"line":281,"column":4},"end":{"line":281,"column":68}}},"17":{"name":"_balanceOf","line":291,"loc":{"start":{"line":291,"column":4},"end":{"line":291,"column":68}}},"18":{"name":"_transferFrom","line":304,"loc":{"start":{"line":304,"column":4},"end":{"line":304,"column":76}}},"19":{"name":"_safeTransferFrom","line":327,"loc":{"start":{"line":327,"column":4},"end":{"line":327,"column":93}}},"20":{"name":"_isApprovedForAll","line":339,"loc":{"start":{"line":339,"column":4},"end":{"line":339,"column":90}}},"21":{"name":"_isApprovedOrOwner","line":350,"loc":{"start":{"line":350,"column":4},"end":{"line":350,"column":92}}},"22":{"name":"_getApproved","line":364,"loc":{"start":{"line":364,"column":4},"end":{"line":364,"column":72}}},"23":{"name":"_mint","line":375,"loc":{"start":{"line":375,"column":4},"end":{"line":375,"column":54}}},"24":{"name":"_burn","line":387,"loc":{"start":{"line":387,"column":4},"end":{"line":387,"column":57}}},"25":{"name":"_ownerOf","line":416,"loc":{"start":{"line":416,"column":4},"end":{"line":416,"column":68}}},"26":{"name":"_addTokenTo","line":429,"loc":{"start":{"line":429,"column":4},"end":{"line":429,"column":60}}},"27":{"name":"_setTokenURI","line":448,"loc":{"start":{"line":448,"column":4},"end":{"line":448,"column":61}}},"28":{"name":"_exists","line":458,"loc":{"start":{"line":458,"column":4},"end":{"line":458,"column":64}}},"29":{"name":"_removeTokenFrom","line":471,"loc":{"start":{"line":471,"column":4},"end":{"line":471,"column":67}}},"30":{"name":"_tokensOfOwner","line":499,"loc":{"start":{"line":499,"column":4},"end":{"line":499,"column":82}}},"31":{"name":"_checkOnERC721Received","line":512,"loc":{"start":{"line":512,"column":4},"end":{"line":512,"column":113}}},"32":{"name":"_clearApproval","line":528,"loc":{"start":{"line":528,"column":4},"end":{"line":528,"column":65}}}},"statementMap":{"1":{"start":{"line":108,"column":8},"end":{"line":108,"column":19}},"2":{"start":{"line":109,"column":8},"end":{"line":109,"column":23}},"3":{"start":{"line":112,"column":8},"end":{"line":112,"column":46}},"4":{"start":{"line":113,"column":8},"end":{"line":113,"column":53}},"5":{"start":{"line":114,"column":8},"end":{"line":114,"column":56}},"6":{"start":{"line":122,"column":8},"end":{"line":122,"column":20}},"7":{"start":{"line":130,"column":8},"end":{"line":130,"column":22}},"8":{"start":{"line":139,"column":8},"end":{"line":139,"column":32}},"9":{"start":{"line":140,"column":8},"end":{"line":140,"column":34}},"10":{"start":{"line":149,"column":8},"end":{"line":149,"column":32}},"11":{"start":{"line":158,"column":8},"end":{"line":158,"column":32}},"12":{"start":{"line":170,"column":8},"end":{"line":170,"column":40}},"13":{"start":{"line":171,"column":8},"end":{"line":171,"column":27}},"14":{"start":{"line":172,"column":8},"end":{"line":172,"column":75}},"15":{"start":{"line":174,"column":8},"end":{"line":174,"column":36}},"16":{"start":{"line":175,"column":8},"end":{"line":175,"column":41}},"17":{"start":{"line":187,"column":8},"end":{"line":187,"column":39}},"18":{"start":{"line":204,"column":8},"end":{"line":204,"column":47}},"19":{"start":{"line":220,"column":8},"end":{"line":220,"column":50}},"20":{"start":{"line":230,"column":8},"end":{"line":230,"column":36}},"21":{"start":{"line":240,"column":8},"end":{"line":240,"column":32}},"22":{"start":{"line":241,"column":8},"end":{"line":241,"column":52}},"23":{"start":{"line":242,"column":8},"end":{"line":242,"column":53}},"24":{"start":{"line":252,"column":8},"end":{"line":252,"column":48}},"25":{"start":{"line":263,"column":8},"end":{"line":263,"column":41}},"26":{"start":{"line":264,"column":8},"end":{"line":264,"column":41}},"27":{"start":{"line":272,"column":8},"end":{"line":272,"column":32}},"28":{"start":{"line":282,"column":8},"end":{"line":282,"column":37}},"29":{"start":{"line":283,"column":8},"end":{"line":283,"column":32}},"30":{"start":{"line":292,"column":8},"end":{"line":292,"column":35}},"31":{"start":{"line":293,"column":8},"end":{"line":293,"column":39}},"32":{"start":{"line":305,"column":8},"end":{"line":305,"column":55}},"33":{"start":{"line":306,"column":8},"end":{"line":306,"column":32}},"34":{"start":{"line":308,"column":8},"end":{"line":308,"column":36}},"35":{"start":{"line":309,"column":8},"end":{"line":309,"column":38}},"36":{"start":{"line":310,"column":8},"end":{"line":310,"column":31}},"37":{"start":{"line":312,"column":8},"end":{"line":312,"column":40}},"38":{"start":{"line":328,"column":8},"end":{"line":328,"column":39}},"39":{"start":{"line":330,"column":8},"end":{"line":330,"column":64}},"40":{"start":{"line":340,"column":8},"end":{"line":340,"column":50}},"41":{"start":{"line":351,"column":8},"end":{"line":351,"column":40}},"42":{"start":{"line":355,"column":8},"end":{"line":355,"column":106}},"43":{"start":{"line":365,"column":8},"end":{"line":365,"column":32}},"44":{"start":{"line":366,"column":8},"end":{"line":366,"column":39}},"45":{"start":{"line":376,"column":8},"end":{"line":376,"column":32}},"46":{"start":{"line":377,"column":8},"end":{"line":377,"column":31}},"47":{"start":{"line":378,"column":8},"end":{"line":378,"column":46}},"48":{"start":{"line":388,"column":8},"end":{"line":388,"column":37}},"49":{"start":{"line":389,"column":8},"end":{"line":389,"column":39}},"50":{"start":{"line":392,"column":8},"end":{"line":392,"column":52}},"51":{"start":{"line":393,"column":8},"end":{"line":393,"column":56}},"52":{"start":{"line":394,"column":8},"end":{"line":394,"column":53}},"53":{"start":{"line":396,"column":8},"end":{"line":396,"column":41}},"54":{"start":{"line":397,"column":8},"end":{"line":397,"column":37}},"55":{"start":{"line":400,"column":8},"end":{"line":400,"column":35}},"56":{"start":{"line":401,"column":8},"end":{"line":401,"column":46}},"57":{"start":{"line":404,"column":8},"end":{"line":404,"column":16416}},"58":{"start":{"line":408,"column":8},"end":{"line":408,"column":49}},"59":{"start":{"line":417,"column":8},"end":{"line":417,"column":43}},"60":{"start":{"line":418,"column":8},"end":{"line":418,"column":35}},"61":{"start":{"line":419,"column":8},"end":{"line":419,"column":20}},"62":{"start":{"line":430,"column":8},"end":{"line":430,"column":50}},"63":{"start":{"line":432,"column":8},"end":{"line":432,"column":47}},"64":{"start":{"line":434,"column":8},"end":{"line":434,"column":32}},"65":{"start":{"line":435,"column":8},"end":{"line":435,"column":59}},"66":{"start":{"line":437,"column":8},"end":{"line":437,"column":42}},"67":{"start":{"line":438,"column":8},"end":{"line":438,"column":51}},"68":{"start":{"line":449,"column":8},"end":{"line":449,"column":32}},"69":{"start":{"line":450,"column":8},"end":{"line":450,"column":32}},"70":{"start":{"line":459,"column":8},"end":{"line":459,"column":43}},"71":{"start":{"line":460,"column":8},"end":{"line":460,"column":34}},"72":{"start":{"line":472,"column":8},"end":{"line":472,"column":41}},"73":{"start":{"line":473,"column":8},"end":{"line":473,"column":63}},"74":{"start":{"line":474,"column":8},"end":{"line":474,"column":40}},"75":{"start":{"line":478,"column":8},"end":{"line":478,"column":54}},"76":{"start":{"line":479,"column":8},"end":{"line":479,"column":64}},"77":{"start":{"line":480,"column":8},"end":{"line":480,"column":61}},"78":{"start":{"line":482,"column":8},"end":{"line":482,"column":49}},"79":{"start":{"line":490,"column":8},"end":{"line":490,"column":37}},"80":{"start":{"line":491,"column":8},"end":{"line":491,"column":48}},"81":{"start":{"line":500,"column":8},"end":{"line":500,"column":34}},"82":{"start":{"line":513,"column":8},"end":{"line":513,"column":21280}},"83":{"start":{"line":514,"column":12},"end":{"line":514,"column":23}},"84":{"start":{"line":517,"column":8},"end":{"line":517,"column":93}},"85":{"start":{"line":518,"column":8},"end":{"line":518,"column":43}},"86":{"start":{"line":529,"column":8},"end":{"line":529,"column":42}},"87":{"start":{"line":530,"column":8},"end":{"line":530,"column":21879}},"88":{"start":{"line":531,"column":12},"end":{"line":531,"column":48}}},"branchMap":{"1":{"line":139,"type":"if","locations":[{"start":{"line":139,"column":8},"end":{"line":139,"column":8}},{"start":{"line":139,"column":8},"end":{"line":139,"column":8}}]},"2":{"line":171,"type":"if","locations":[{"start":{"line":171,"column":8},"end":{"line":171,"column":8}},{"start":{"line":171,"column":8},"end":{"line":171,"column":8}}]},"3":{"line":172,"type":"if","locations":[{"start":{"line":172,"column":8},"end":{"line":172,"column":8}},{"start":{"line":172,"column":8},"end":{"line":172,"column":8}}]},"4":{"line":240,"type":"if","locations":[{"start":{"line":240,"column":8},"end":{"line":240,"column":8}},{"start":{"line":240,"column":8},"end":{"line":240,"column":8}}]},"5":{"line":263,"type":"if","locations":[{"start":{"line":263,"column":8},"end":{"line":263,"column":8}},{"start":{"line":263,"column":8},"end":{"line":263,"column":8}}]},"6":{"line":282,"type":"if","locations":[{"start":{"line":282,"column":8},"end":{"line":282,"column":8}},{"start":{"line":282,"column":8},"end":{"line":282,"column":8}}]},"7":{"line":292,"type":"if","locations":[{"start":{"line":292,"column":8},"end":{"line":292,"column":8}},{"start":{"line":292,"column":8},"end":{"line":292,"column":8}}]},"8":{"line":305,"type":"if","locations":[{"start":{"line":305,"column":8},"end":{"line":305,"column":8}},{"start":{"line":305,"column":8},"end":{"line":305,"column":8}}]},"9":{"line":306,"type":"if","locations":[{"start":{"line":306,"column":8},"end":{"line":306,"column":8}},{"start":{"line":306,"column":8},"end":{"line":306,"column":8}}]},"10":{"line":330,"type":"if","locations":[{"start":{"line":330,"column":8},"end":{"line":330,"column":8}},{"start":{"line":330,"column":8},"end":{"line":330,"column":8}}]},"11":{"line":365,"type":"if","locations":[{"start":{"line":365,"column":8},"end":{"line":365,"column":8}},{"start":{"line":365,"column":8},"end":{"line":365,"column":8}}]},"12":{"line":376,"type":"if","locations":[{"start":{"line":376,"column":8},"end":{"line":376,"column":8}},{"start":{"line":376,"column":8},"end":{"line":376,"column":8}}]},"13":{"line":404,"type":"if","locations":[{"start":{"line":404,"column":8},"end":{"line":404,"column":8}},{"start":{"line":404,"column":8},"end":{"line":404,"column":8}}]},"14":{"line":418,"type":"if","locations":[{"start":{"line":418,"column":8},"end":{"line":418,"column":8}},{"start":{"line":418,"column":8},"end":{"line":418,"column":8}}]},"15":{"line":430,"type":"if","locations":[{"start":{"line":430,"column":8},"end":{"line":430,"column":8}},{"start":{"line":430,"column":8},"end":{"line":430,"column":8}}]},"16":{"line":449,"type":"if","locations":[{"start":{"line":449,"column":8},"end":{"line":449,"column":8}},{"start":{"line":449,"column":8},"end":{"line":449,"column":8}}]},"17":{"line":472,"type":"if","locations":[{"start":{"line":472,"column":8},"end":{"line":472,"column":8}},{"start":{"line":472,"column":8},"end":{"line":472,"column":8}}]},"18":{"line":513,"type":"if","locations":[{"start":{"line":513,"column":8},"end":{"line":513,"column":8}},{"start":{"line":513,"column":8},"end":{"line":513,"column":8}}]},"19":{"line":529,"type":"if","locations":[{"start":{"line":529,"column":8},"end":{"line":529,"column":8}},{"start":{"line":529,"column":8},"end":{"line":529,"column":8}}]},"20":{"line":530,"type":"if","locations":[{"start":{"line":530,"column":8},"end":{"line":530,"column":8}},{"start":{"line":530,"column":8},"end":{"line":530,"column":8}}]}}},"contracts/IERC721Receiver.sol":{"l":{},"path":"/Users/edu/Dappnode/DAppNode-NFT/contracts/IERC721Receiver.sol","s":{},"b":{},"f":{},"fnMap":{},"statementMap":{},"branchMap":{}},"contracts/math/SafeMath.sol":{"l":{"15":4,"16":1,"19":3,"20":3,"22":2,"30":4,"31":3,"34":3,"41":298,"42":297,"44":297,"51":565,"52":565,"54":564,"62":5,"63":4},"path":"/Users/edu/Dappnode/DAppNode-NFT/contracts/math/SafeMath.sol","s":{"1":4,"2":1,"3":3,"4":3,"5":2,"6":4,"7":3,"8":3,"9":298,"10":297,"11":297,"12":565,"13":565,"14":564,"15":5,"16":4},"b":{"1":[1,3],"2":[2,1],"3":[3,1],"4":[297,1],"5":[564,1],"6":[4,1]},"f":{"1":4,"2":4,"3":298,"4":565,"5":5},"fnMap":{"1":{"name":"mul","line":11,"loc":{"start":{"line":11,"column":4},"end":{"line":11,"column":68}}},"2":{"name":"div","line":28,"loc":{"start":{"line":28,"column":4},"end":{"line":28,"column":68}}},"3":{"name":"sub","line":40,"loc":{"start":{"line":40,"column":4},"end":{"line":40,"column":68}}},"4":{"name":"add","line":50,"loc":{"start":{"line":50,"column":4},"end":{"line":50,"column":68}}},"5":{"name":"mod","line":61,"loc":{"start":{"line":61,"column":4},"end":{"line":61,"column":68}}}},"statementMap":{"1":{"start":{"line":15,"column":8},"end":{"line":15,"column":514}},"2":{"start":{"line":16,"column":12},"end":{"line":16,"column":20}},"3":{"start":{"line":19,"column":8},"end":{"line":19,"column":24}},"4":{"start":{"line":20,"column":8},"end":{"line":20,"column":26}},"5":{"start":{"line":22,"column":8},"end":{"line":22,"column":16}},"6":{"start":{"line":30,"column":8},"end":{"line":30,"column":21}},"7":{"start":{"line":31,"column":8},"end":{"line":31,"column":24}},"8":{"start":{"line":34,"column":8},"end":{"line":34,"column":16}},"9":{"start":{"line":41,"column":8},"end":{"line":41,"column":22}},"10":{"start":{"line":42,"column":8},"end":{"line":42,"column":24}},"11":{"start":{"line":44,"column":8},"end":{"line":44,"column":16}},"12":{"start":{"line":51,"column":8},"end":{"line":51,"column":24}},"13":{"start":{"line":52,"column":8},"end":{"line":52,"column":22}},"14":{"start":{"line":54,"column":8},"end":{"line":54,"column":16}},"15":{"start":{"line":62,"column":8},"end":{"line":62,"column":22}},"16":{"start":{"line":63,"column":8},"end":{"line":63,"column":20}}},"branchMap":{"1":{"line":15,"type":"if","locations":[{"start":{"line":15,"column":8},"end":{"line":15,"column":8}},{"start":{"line":15,"column":8},"end":{"line":15,"column":8}}]},"2":{"line":20,"type":"if","locations":[{"start":{"line":20,"column":8},"end":{"line":20,"column":8}},{"start":{"line":20,"column":8},"end":{"line":20,"column":8}}]},"3":{"line":30,"type":"if","locations":[{"start":{"line":30,"column":8},"end":{"line":30,"column":8}},{"start":{"line":30,"column":8},"end":{"line":30,"column":8}}]},"4":{"line":41,"type":"if","locations":[{"start":{"line":41,"column":8},"end":{"line":41,"column":8}},{"start":{"line":41,"column":8},"end":{"line":41,"column":8}}]},"5":{"line":52,"type":"if","locations":[{"start":{"line":52,"column":8},"end":{"line":52,"column":8}},{"start":{"line":52,"column":8},"end":{"line":52,"column":8}}]},"6":{"line":62,"type":"if","locations":[{"start":{"line":62,"column":8},"end":{"line":62,"column":8}},{"start":{"line":62,"column":8},"end":{"line":62,"column":8}}]}}},"contracts/utils/Address.sol":{"l":{"15":109,"23":109,"24":109},"path":"/Users/edu/Dappnode/DAppNode-NFT/contracts/utils/Address.sol","s":{"1":109},"b":{},"f":{"1":109},"fnMap":{"1":{"name":"isContract","line":14,"loc":{"start":{"line":14,"column":4},"end":{"line":14,"column":67}}}},"statementMap":{"1":{"start":{"line":24,"column":8},"end":{"line":24,"column":23}}},"branchMap":{}}}