{"contracts/ERC165.sol":{"l":{"27":225,"34":10,"41":889,"42":888},"path":"/Users/edu/Dappnode/DAppNode-NFT/contracts/ERC165.sol","s":{"1":225,"2":10,"3":889,"4":888},"b":{"1":[888,1]},"f":{"1":225,"2":10,"3":889},"fnMap":{"1":{"name":null,"line":26,"loc":{"start":{"line":26,"column":4},"end":{"line":26,"column":25}}},"2":{"name":"supportsInterface","line":33,"loc":{"start":{"line":33,"column":4},"end":{"line":33,"column":77}}},"3":{"name":"_registerInterface","line":40,"loc":{"start":{"line":40,"column":4},"end":{"line":40,"column":58}}}},"statementMap":{"1":{"start":{"line":27,"column":8},"end":{"line":27,"column":46}},"2":{"start":{"line":34,"column":8},"end":{"line":34,"column":48}},"3":{"start":{"line":41,"column":8},"end":{"line":41,"column":41}},"4":{"start":{"line":42,"column":8},"end":{"line":42,"column":47}}},"branchMap":{"1":{"line":41,"type":"if","locations":[{"start":{"line":41,"column":8},"end":{"line":41,"column":8}},{"start":{"line":41,"column":8},"end":{"line":41,"column":8}}]}}},"contracts/ERC721.sol":{"l":{"49":221,"58":31,"67":29,"79":203,"80":202,"81":201,"83":199,"84":199,"96":29,"113":64,"129":61,"140":33,"150":169,"151":168,"152":168,"162":4,"171":85,"172":84,"184":154,"185":142,"187":137,"188":132,"189":132,"191":132,"207":125,"209":107,"219":63,"230":154,"234":147,"244":115,"245":113,"256":433,"257":432,"258":431,"268":8,"269":8,"270":8,"279":686,"280":686,"281":674,"292":564,"293":563,"294":563,"303":122,"304":122,"316":146,"317":144,"318":144,"331":107,"332":60,"335":47,"336":45,"347":145,"348":140,"349":108},"path":"/Users/edu/Dappnode/DAppNode-NFT/contracts/ERC721.sol","s":{"1":221,"2":31,"3":29,"4":203,"5":202,"6":201,"7":199,"8":199,"9":29,"10":64,"11":61,"12":33,"13":169,"14":168,"15":168,"16":4,"17":85,"18":84,"19":154,"20":142,"21":137,"22":132,"23":132,"24":132,"25":125,"26":107,"27":63,"28":154,"29":147,"30":115,"31":113,"32":433,"33":432,"34":431,"35":8,"36":8,"37":8,"38":686,"39":686,"40":674,"41":564,"42":563,"43":563,"44":122,"45":122,"46":146,"47":144,"48":144,"49":107,"50":60,"51":47,"52":45,"53":145,"54":140,"55":108},"b":{"1":[201,1],"2":[199,2],"3":[168,1],"4":[84,1],"5":[142,12],"6":[137,5],"7":[104,3],"8":[113,2],"9":[432,1],"10":[674,12],"11":[563,1],"12":[144,2],"13":[60,47],"14":[140,5],"15":[108,32]},"f":{"1":221,"2":31,"3":29,"4":203,"5":29,"6":64,"7":61,"8":33,"9":169,"10":4,"11":85,"12":154,"13":125,"14":63,"15":154,"16":115,"17":433,"18":8,"19":686,"20":564,"21":122,"22":146,"23":107,"24":145},"fnMap":{"1":{"name":null,"line":47,"loc":{"start":{"line":47,"column":4},"end":{"line":47,"column":23}}},"2":{"name":"balanceOf","line":57,"loc":{"start":{"line":57,"column":4},"end":{"line":57,"column":67}}},"3":{"name":"ownerOf","line":66,"loc":{"start":{"line":66,"column":4},"end":{"line":66,"column":67}}},"4":{"name":"approve","line":78,"loc":{"start":{"line":78,"column":4},"end":{"line":78,"column":64}}},"5":{"name":"transferFrom","line":95,"loc":{"start":{"line":95,"column":4},"end":{"line":95,"column":83}}},"6":{"name":"safeTransferFrom","line":111,"loc":{"start":{"line":111,"column":4},"end":{"line":111,"column":87}}},"7":{"name":"safeTransferFrom","line":128,"loc":{"start":{"line":128,"column":4},"end":{"line":128,"column":100}}},"8":{"name":"getApproved","line":139,"loc":{"start":{"line":139,"column":4},"end":{"line":139,"column":71}}},"9":{"name":"setApprovalForAll","line":149,"loc":{"start":{"line":149,"column":4},"end":{"line":149,"column":64}}},"10":{"name":"isApprovedForAll","line":161,"loc":{"start":{"line":161,"column":4},"end":{"line":161,"column":89}}},"11":{"name":"_balanceOf","line":170,"loc":{"start":{"line":170,"column":4},"end":{"line":170,"column":68}}},"12":{"name":"_transferFrom","line":183,"loc":{"start":{"line":183,"column":4},"end":{"line":183,"column":76}}},"13":{"name":"_safeTransferFrom","line":206,"loc":{"start":{"line":206,"column":4},"end":{"line":206,"column":93}}},"14":{"name":"_isApprovedForAll","line":218,"loc":{"start":{"line":218,"column":4},"end":{"line":218,"column":90}}},"15":{"name":"_isApprovedOrOwner","line":229,"loc":{"start":{"line":229,"column":4},"end":{"line":229,"column":92}}},"16":{"name":"_getApproved","line":243,"loc":{"start":{"line":243,"column":4},"end":{"line":243,"column":72}}},"17":{"name":"_mint","line":255,"loc":{"start":{"line":255,"column":4},"end":{"line":255,"column":54}}},"18":{"name":"_burn","line":267,"loc":{"start":{"line":267,"column":4},"end":{"line":267,"column":57}}},"19":{"name":"_ownerOf","line":278,"loc":{"start":{"line":278,"column":4},"end":{"line":278,"column":68}}},"20":{"name":"_addTokenTo","line":291,"loc":{"start":{"line":291,"column":4},"end":{"line":291,"column":60}}},"21":{"name":"_exists","line":302,"loc":{"start":{"line":302,"column":4},"end":{"line":302,"column":64}}},"22":{"name":"_removeTokenFrom","line":315,"loc":{"start":{"line":315,"column":4},"end":{"line":315,"column":67}}},"23":{"name":"_checkOnERC721Received","line":330,"loc":{"start":{"line":330,"column":4},"end":{"line":330,"column":113}}},"24":{"name":"_clearApproval","line":346,"loc":{"start":{"line":346,"column":4},"end":{"line":346,"column":65}}}},"statementMap":{"1":{"start":{"line":49,"column":8},"end":{"line":49,"column":46}},"2":{"start":{"line":58,"column":8},"end":{"line":58,"column":32}},"3":{"start":{"line":67,"column":8},"end":{"line":67,"column":32}},"4":{"start":{"line":79,"column":8},"end":{"line":79,"column":40}},"5":{"start":{"line":80,"column":8},"end":{"line":80,"column":27}},"6":{"start":{"line":81,"column":8},"end":{"line":81,"column":75}},"7":{"start":{"line":83,"column":8},"end":{"line":83,"column":36}},"8":{"start":{"line":84,"column":8},"end":{"line":84,"column":41}},"9":{"start":{"line":96,"column":8},"end":{"line":96,"column":39}},"10":{"start":{"line":113,"column":8},"end":{"line":113,"column":47}},"11":{"start":{"line":129,"column":8},"end":{"line":129,"column":50}},"12":{"start":{"line":140,"column":8},"end":{"line":140,"column":36}},"13":{"start":{"line":150,"column":8},"end":{"line":150,"column":32}},"14":{"start":{"line":151,"column":8},"end":{"line":151,"column":52}},"15":{"start":{"line":152,"column":8},"end":{"line":152,"column":53}},"16":{"start":{"line":162,"column":8},"end":{"line":162,"column":48}},"17":{"start":{"line":171,"column":8},"end":{"line":171,"column":35}},"18":{"start":{"line":172,"column":8},"end":{"line":172,"column":39}},"19":{"start":{"line":184,"column":8},"end":{"line":184,"column":55}},"20":{"start":{"line":185,"column":8},"end":{"line":185,"column":32}},"21":{"start":{"line":187,"column":8},"end":{"line":187,"column":36}},"22":{"start":{"line":188,"column":8},"end":{"line":188,"column":38}},"23":{"start":{"line":189,"column":8},"end":{"line":189,"column":31}},"24":{"start":{"line":191,"column":8},"end":{"line":191,"column":40}},"25":{"start":{"line":207,"column":8},"end":{"line":207,"column":39}},"26":{"start":{"line":209,"column":8},"end":{"line":209,"column":64}},"27":{"start":{"line":219,"column":8},"end":{"line":219,"column":50}},"28":{"start":{"line":230,"column":8},"end":{"line":230,"column":40}},"29":{"start":{"line":234,"column":8},"end":{"line":234,"column":106}},"30":{"start":{"line":244,"column":8},"end":{"line":244,"column":32}},"31":{"start":{"line":245,"column":8},"end":{"line":245,"column":39}},"32":{"start":{"line":256,"column":8},"end":{"line":256,"column":32}},"33":{"start":{"line":257,"column":8},"end":{"line":257,"column":31}},"34":{"start":{"line":258,"column":8},"end":{"line":258,"column":46}},"35":{"start":{"line":268,"column":8},"end":{"line":268,"column":37}},"36":{"start":{"line":269,"column":8},"end":{"line":269,"column":39}},"37":{"start":{"line":270,"column":8},"end":{"line":270,"column":49}},"38":{"start":{"line":279,"column":8},"end":{"line":279,"column":43}},"39":{"start":{"line":280,"column":8},"end":{"line":280,"column":35}},"40":{"start":{"line":281,"column":8},"end":{"line":281,"column":20}},"41":{"start":{"line":292,"column":8},"end":{"line":292,"column":50}},"42":{"start":{"line":293,"column":8},"end":{"line":293,"column":32}},"43":{"start":{"line":294,"column":8},"end":{"line":294,"column":59}},"44":{"start":{"line":303,"column":8},"end":{"line":303,"column":43}},"45":{"start":{"line":304,"column":8},"end":{"line":304,"column":34}},"46":{"start":{"line":316,"column":8},"end":{"line":316,"column":41}},"47":{"start":{"line":317,"column":8},"end":{"line":317,"column":63}},"48":{"start":{"line":318,"column":8},"end":{"line":318,"column":40}},"49":{"start":{"line":331,"column":8},"end":{"line":331,"column":14423}},"50":{"start":{"line":332,"column":12},"end":{"line":332,"column":23}},"51":{"start":{"line":335,"column":8},"end":{"line":335,"column":93}},"52":{"start":{"line":336,"column":8},"end":{"line":336,"column":43}},"53":{"start":{"line":347,"column":8},"end":{"line":347,"column":42}},"54":{"start":{"line":348,"column":8},"end":{"line":348,"column":15022}},"55":{"start":{"line":349,"column":12},"end":{"line":349,"column":48}}},"branchMap":{"1":{"line":80,"type":"if","locations":[{"start":{"line":80,"column":8},"end":{"line":80,"column":8}},{"start":{"line":80,"column":8},"end":{"line":80,"column":8}}]},"2":{"line":81,"type":"if","locations":[{"start":{"line":81,"column":8},"end":{"line":81,"column":8}},{"start":{"line":81,"column":8},"end":{"line":81,"column":8}}]},"3":{"line":150,"type":"if","locations":[{"start":{"line":150,"column":8},"end":{"line":150,"column":8}},{"start":{"line":150,"column":8},"end":{"line":150,"column":8}}]},"4":{"line":171,"type":"if","locations":[{"start":{"line":171,"column":8},"end":{"line":171,"column":8}},{"start":{"line":171,"column":8},"end":{"line":171,"column":8}}]},"5":{"line":184,"type":"if","locations":[{"start":{"line":184,"column":8},"end":{"line":184,"column":8}},{"start":{"line":184,"column":8},"end":{"line":184,"column":8}}]},"6":{"line":185,"type":"if","locations":[{"start":{"line":185,"column":8},"end":{"line":185,"column":8}},{"start":{"line":185,"column":8},"end":{"line":185,"column":8}}]},"7":{"line":209,"type":"if","locations":[{"start":{"line":209,"column":8},"end":{"line":209,"column":8}},{"start":{"line":209,"column":8},"end":{"line":209,"column":8}}]},"8":{"line":244,"type":"if","locations":[{"start":{"line":244,"column":8},"end":{"line":244,"column":8}},{"start":{"line":244,"column":8},"end":{"line":244,"column":8}}]},"9":{"line":256,"type":"if","locations":[{"start":{"line":256,"column":8},"end":{"line":256,"column":8}},{"start":{"line":256,"column":8},"end":{"line":256,"column":8}}]},"10":{"line":280,"type":"if","locations":[{"start":{"line":280,"column":8},"end":{"line":280,"column":8}},{"start":{"line":280,"column":8},"end":{"line":280,"column":8}}]},"11":{"line":292,"type":"if","locations":[{"start":{"line":292,"column":8},"end":{"line":292,"column":8}},{"start":{"line":292,"column":8},"end":{"line":292,"column":8}}]},"12":{"line":316,"type":"if","locations":[{"start":{"line":316,"column":8},"end":{"line":316,"column":8}},{"start":{"line":316,"column":8},"end":{"line":316,"column":8}}]},"13":{"line":331,"type":"if","locations":[{"start":{"line":331,"column":8},"end":{"line":331,"column":8}},{"start":{"line":331,"column":8},"end":{"line":331,"column":8}}]},"14":{"line":347,"type":"if","locations":[{"start":{"line":347,"column":8},"end":{"line":347,"column":8}},{"start":{"line":347,"column":8},"end":{"line":347,"column":8}}]},"15":{"line":348,"type":"if","locations":[{"start":{"line":348,"column":8},"end":{"line":348,"column":8}},{"start":{"line":348,"column":8},"end":{"line":348,"column":8}}]}}},"contracts/ERC721Enumerable.sol":{"l":{"37":221,"47":54,"48":53,"56":6,"66":3,"67":2,"78":564,"79":563,"80":563,"81":563,"93":146,"97":144,"98":144,"99":144,"101":144,"103":144,"109":144,"110":144,"120":433,"122":431,"123":431,"133":8,"136":8,"137":8,"138":8,"140":8,"141":8,"143":8,"144":8,"145":8,"154":1},"path":"/Users/edu/Dappnode/DAppNode-NFT/contracts/ERC721Enumerable.sol","s":{"1":221,"2":54,"3":53,"4":6,"5":3,"6":2,"7":563,"8":563,"9":144,"10":144,"11":144,"12":144,"13":144,"14":144,"15":431,"16":8,"17":8,"18":8,"19":8,"20":8,"21":8,"22":8,"23":1},"b":{"1":[53,1],"2":[2,1]},"f":{"1":221,"2":54,"3":6,"4":3,"5":564,"6":146,"7":433,"8":8,"9":1},"fnMap":{"1":{"name":null,"line":35,"loc":{"start":{"line":35,"column":4},"end":{"line":35,"column":23}}},"2":{"name":"tokenOfOwnerByIndex","line":46,"loc":{"start":{"line":46,"column":4},"end":{"line":46,"column":90}}},"3":{"name":"totalSupply","line":55,"loc":{"start":{"line":55,"column":4},"end":{"line":55,"column":54}}},"4":{"name":"tokenByIndex","line":65,"loc":{"start":{"line":65,"column":4},"end":{"line":65,"column":68}}},"5":{"name":"_addTokenTo","line":77,"loc":{"start":{"line":77,"column":4},"end":{"line":77,"column":60}}},"6":{"name":"_removeTokenFrom","line":92,"loc":{"start":{"line":92,"column":4},"end":{"line":92,"column":67}}},"7":{"name":"_mint","line":119,"loc":{"start":{"line":119,"column":4},"end":{"line":119,"column":54}}},"8":{"name":"_burn","line":132,"loc":{"start":{"line":132,"column":4},"end":{"line":132,"column":57}}},"9":{"name":"_tokensOfOwner","line":153,"loc":{"start":{"line":153,"column":4},"end":{"line":153,"column":82}}}},"statementMap":{"1":{"start":{"line":37,"column":8},"end":{"line":37,"column":56}},"2":{"start":{"line":47,"column":8},"end":{"line":47,"column":41}},"3":{"start":{"line":48,"column":8},"end":{"line":48,"column":41}},"4":{"start":{"line":56,"column":8},"end":{"line":56,"column":32}},"5":{"start":{"line":66,"column":8},"end":{"line":66,"column":37}},"6":{"start":{"line":67,"column":8},"end":{"line":67,"column":32}},"7":{"start":{"line":79,"column":8},"end":{"line":79,"column":47}},"8":{"start":{"line":81,"column":8},"end":{"line":81,"column":42}},"9":{"start":{"line":97,"column":8},"end":{"line":97,"column":54}},"10":{"start":{"line":98,"column":8},"end":{"line":98,"column":64}},"11":{"start":{"line":99,"column":8},"end":{"line":99,"column":61}},"12":{"start":{"line":101,"column":8},"end":{"line":101,"column":49}},"13":{"start":{"line":109,"column":8},"end":{"line":109,"column":37}},"14":{"start":{"line":110,"column":8},"end":{"line":110,"column":48}},"15":{"start":{"line":122,"column":8},"end":{"line":122,"column":51}},"16":{"start":{"line":136,"column":8},"end":{"line":136,"column":52}},"17":{"start":{"line":137,"column":8},"end":{"line":137,"column":56}},"18":{"start":{"line":138,"column":8},"end":{"line":138,"column":53}},"19":{"start":{"line":140,"column":8},"end":{"line":140,"column":41}},"20":{"start":{"line":141,"column":8},"end":{"line":141,"column":37}},"21":{"start":{"line":144,"column":8},"end":{"line":144,"column":35}},"22":{"start":{"line":145,"column":8},"end":{"line":145,"column":46}},"23":{"start":{"line":154,"column":8},"end":{"line":154,"column":34}}},"branchMap":{"1":{"line":47,"type":"if","locations":[{"start":{"line":47,"column":8},"end":{"line":47,"column":8}},{"start":{"line":47,"column":8},"end":{"line":47,"column":8}}]},"2":{"line":66,"type":"if","locations":[{"start":{"line":66,"column":8},"end":{"line":66,"column":8}},{"start":{"line":66,"column":8},"end":{"line":66,"column":8}}]}}},"contracts/ERC721Metadata.sol":{"l":{"29":221,"30":221,"33":221,"41":1,"49":1,"58":3,"59":2,"69":3,"70":2,"80":8,"83":8,"84":1},"path":"/Users/edu/Dappnode/DAppNode-NFT/contracts/ERC721Metadata.sol","s":{"1":221,"2":221,"3":221,"4":1,"5":1,"6":3,"7":2,"8":3,"9":2,"10":8},"b":{"1":[2,1],"2":[2,1],"3":[1,7]},"f":{"1":221,"2":1,"3":1,"4":3,"5":3,"6":8},"fnMap":{"1":{"name":null,"line":28,"loc":{"start":{"line":28,"column":4},"end":{"line":28,"column":49}}},"2":{"name":"name","line":40,"loc":{"start":{"line":40,"column":4},"end":{"line":40,"column":48}}},"3":{"name":"symbol","line":48,"loc":{"start":{"line":48,"column":4},"end":{"line":48,"column":50}}},"4":{"name":"tokenURI","line":57,"loc":{"start":{"line":57,"column":4},"end":{"line":57,"column":67}}},"5":{"name":"_setTokenURI","line":68,"loc":{"start":{"line":68,"column":4},"end":{"line":68,"column":61}}},"6":{"name":"_burn","line":79,"loc":{"start":{"line":79,"column":4},"end":{"line":79,"column":57}}}},"statementMap":{"1":{"start":{"line":29,"column":8},"end":{"line":29,"column":19}},"2":{"start":{"line":30,"column":8},"end":{"line":30,"column":23}},"3":{"start":{"line":33,"column":8},"end":{"line":33,"column":53}},"4":{"start":{"line":41,"column":8},"end":{"line":41,"column":20}},"5":{"start":{"line":49,"column":8},"end":{"line":49,"column":22}},"6":{"start":{"line":58,"column":8},"end":{"line":58,"column":32}},"7":{"start":{"line":59,"column":8},"end":{"line":59,"column":34}},"8":{"start":{"line":69,"column":8},"end":{"line":69,"column":32}},"9":{"start":{"line":70,"column":8},"end":{"line":70,"column":32}},"10":{"start":{"line":83,"column":8},"end":{"line":83,"column":2371}}},"branchMap":{"1":{"line":58,"type":"if","locations":[{"start":{"line":58,"column":8},"end":{"line":58,"column":8}},{"start":{"line":58,"column":8},"end":{"line":58,"column":8}}]},"2":{"line":69,"type":"if","locations":[{"start":{"line":69,"column":8},"end":{"line":69,"column":8}},{"start":{"line":69,"column":8},"end":{"line":69,"column":8}}]},"3":{"line":83,"type":"if","locations":[{"start":{"line":83,"column":8},"end":{"line":83,"column":8}},{"start":{"line":83,"column":8},"end":{"line":83,"column":8}}]}}},"contracts/interfaces/IERC165.sol":{"l":{},"path":"/Users/edu/Dappnode/DAppNode-NFT/contracts/interfaces/IERC165.sol","s":{},"b":{},"f":{},"fnMap":{},"statementMap":{},"branchMap":{}},"contracts/interfaces/IERC721.sol":{"l":{},"path":"/Users/edu/Dappnode/DAppNode-NFT/contracts/interfaces/IERC721.sol","s":{},"b":{},"f":{},"fnMap":{},"statementMap":{},"branchMap":{}},"contracts/interfaces/IERC721Enumerable.sol":{"l":{},"path":"/Users/edu/Dappnode/DAppNode-NFT/contracts/interfaces/IERC721Enumerable.sol","s":{},"b":{},"f":{},"fnMap":{},"statementMap":{},"branchMap":{}},"contracts/interfaces/IERC721Metadata.sol":{"l":{},"path":"/Users/edu/Dappnode/DAppNode-NFT/contracts/interfaces/IERC721Metadata.sol","s":{},"b":{},"f":{},"fnMap":{},"statementMap":{},"branchMap":{}},"contracts/interfaces/IERC721Receiver.sol":{"l":{},"path":"/Users/edu/Dappnode/DAppNode-NFT/contracts/interfaces/IERC721Receiver.sol","s":{},"b":{},"f":{},"fnMap":{},"statementMap":{},"branchMap":{}},"contracts/math/SafeMath.sol":{"l":{"15":4,"16":1,"19":3,"20":3,"22":2,"30":4,"31":3,"34":3,"41":298,"42":297,"44":297,"51":565,"52":565,"54":564,"62":5,"63":4},"path":"/Users/edu/Dappnode/DAppNode-NFT/contracts/math/SafeMath.sol","s":{"1":4,"2":1,"3":3,"4":3,"5":2,"6":4,"7":3,"8":3,"9":298,"10":297,"11":297,"12":565,"13":565,"14":564,"15":5,"16":4},"b":{"1":[1,3],"2":[2,1],"3":[3,1],"4":[297,1],"5":[564,1],"6":[4,1]},"f":{"1":4,"2":4,"3":298,"4":565,"5":5},"fnMap":{"1":{"name":"mul","line":11,"loc":{"start":{"line":11,"column":4},"end":{"line":11,"column":68}}},"2":{"name":"div","line":28,"loc":{"start":{"line":28,"column":4},"end":{"line":28,"column":68}}},"3":{"name":"sub","line":40,"loc":{"start":{"line":40,"column":4},"end":{"line":40,"column":68}}},"4":{"name":"add","line":50,"loc":{"start":{"line":50,"column":4},"end":{"line":50,"column":68}}},"5":{"name":"mod","line":61,"loc":{"start":{"line":61,"column":4},"end":{"line":61,"column":68}}}},"statementMap":{"1":{"start":{"line":15,"column":8},"end":{"line":15,"column":514}},"2":{"start":{"line":16,"column":12},"end":{"line":16,"column":20}},"3":{"start":{"line":19,"column":8},"end":{"line":19,"column":24}},"4":{"start":{"line":20,"column":8},"end":{"line":20,"column":26}},"5":{"start":{"line":22,"column":8},"end":{"line":22,"column":16}},"6":{"start":{"line":30,"column":8},"end":{"line":30,"column":21}},"7":{"start":{"line":31,"column":8},"end":{"line":31,"column":24}},"8":{"start":{"line":34,"column":8},"end":{"line":34,"column":16}},"9":{"start":{"line":41,"column":8},"end":{"line":41,"column":22}},"10":{"start":{"line":42,"column":8},"end":{"line":42,"column":24}},"11":{"start":{"line":44,"column":8},"end":{"line":44,"column":16}},"12":{"start":{"line":51,"column":8},"end":{"line":51,"column":24}},"13":{"start":{"line":52,"column":8},"end":{"line":52,"column":22}},"14":{"start":{"line":54,"column":8},"end":{"line":54,"column":16}},"15":{"start":{"line":62,"column":8},"end":{"line":62,"column":22}},"16":{"start":{"line":63,"column":8},"end":{"line":63,"column":20}}},"branchMap":{"1":{"line":15,"type":"if","locations":[{"start":{"line":15,"column":8},"end":{"line":15,"column":8}},{"start":{"line":15,"column":8},"end":{"line":15,"column":8}}]},"2":{"line":20,"type":"if","locations":[{"start":{"line":20,"column":8},"end":{"line":20,"column":8}},{"start":{"line":20,"column":8},"end":{"line":20,"column":8}}]},"3":{"line":30,"type":"if","locations":[{"start":{"line":30,"column":8},"end":{"line":30,"column":8}},{"start":{"line":30,"column":8},"end":{"line":30,"column":8}}]},"4":{"line":41,"type":"if","locations":[{"start":{"line":41,"column":8},"end":{"line":41,"column":8}},{"start":{"line":41,"column":8},"end":{"line":41,"column":8}}]},"5":{"line":52,"type":"if","locations":[{"start":{"line":52,"column":8},"end":{"line":52,"column":8}},{"start":{"line":52,"column":8},"end":{"line":52,"column":8}}]},"6":{"line":62,"type":"if","locations":[{"start":{"line":62,"column":8},"end":{"line":62,"column":8}},{"start":{"line":62,"column":8},"end":{"line":62,"column":8}}]}}},"contracts/utils/Address.sol":{"l":{"15":109,"23":109,"24":109},"path":"/Users/edu/Dappnode/DAppNode-NFT/contracts/utils/Address.sol","s":{"1":109},"b":{},"f":{"1":109},"fnMap":{"1":{"name":"isContract","line":14,"loc":{"start":{"line":14,"column":4},"end":{"line":14,"column":67}}}},"statementMap":{"1":{"start":{"line":24,"column":8},"end":{"line":24,"column":23}}},"branchMap":{}}}